<?xml version="1.0" encoding="UTF-8"?>
<testsuite name="co.edu.unal.paralela.StudentAnalyticsTest" time="1.812" tests="6" errors="0" skipped="0" failures="1">
  <properties>
[...]
</properties>
  <testcase name="testAverageAgeOfEnrolledStudents" classname="co.edu.unal.paralela.StudentAnalyticsTest" time="0.141"/>
  <testcase name="testAverageAgeOfEnrolledStudentsPerf" classname="co.edu.unal.paralela.StudentAnalyticsTest" time="0.213"/>
  <testcase name="testMostCommonFirstNameOfInactiveStudents" classname="co.edu.unal.paralela.StudentAnalyticsTest" time="0.267"/>
  <testcase name="testMostCommonFirstNameOfInactiveStudentsPerf" classname="co.edu.unal.paralela.StudentAnalyticsTest" time="0.975">
    <failure message="Expected speedup to be at least 6.0 but was 1.3157894736842106" type="junit.framework.AssertionFailedError">junit.framework.AssertionFailedError: Expected speedup to be at least 6.0 but was 1.3157894736842106
	at junit.framework.Assert.fail(Assert.java:47)
	at junit.framework.Assert.assertTrue(Assert.java:20)
	at co.edu.unal.paralela.StudentAnalyticsTest.testMostCommonFirstNameOfInactiveStudentsPerf(StudentAnalyticsTest.java:118)
</failure>
  </testcase>
  <testcase name="testCountNumberOfFailedStudentsOlderThan20" classname="co.edu.unal.paralela.StudentAnalyticsTest" time="0.076"/>
  <testcase name="testCountNumberOfFailedStudentsOlderThan20Perf" classname="co.edu.unal.paralela.StudentAnalyticsTest" time="0.14"/>
</testsuite>